[18:59:34] [Render thread/INFO]: Environment: authHost='https://authserver.mojang.com', accountsHost='https://api.mojang.com', sessionHost='https://sessionserver.mojang.com', servicesHost='https://api.minecraftservices.com', name='PROD'
[18:59:40] [Render thread/ERROR]: Failed to verify authentication
com.mojang.authlib.exceptions.InvalidCredentialsException: Status: 401
	at com.mojang.authlib.exceptions.MinecraftClientHttpException.toAuthenticationException(MinecraftClientHttpException.java:56) ~[authlib-3.3.39.jar:?]
	at com.mojang.authlib.yggdrasil.YggdrasilUserApiService.fetchProperties(YggdrasilUserApiService.java:132) ~[authlib-3.3.39.jar:?]
	at com.mojang.authlib.yggdrasil.YggdrasilUserApiService.<init>(YggdrasilUserApiService.java:44) ~[authlib-3.3.39.jar:?]
	at com.mojang.authlib.yggdrasil.YggdrasilAuthenticationService.createUserApiService(YggdrasilAuthenticationService.java:153) ~[authlib-3.3.39.jar:?]
	at dyr.a(SourceFile:680) [1.18.2.jar:?]
	at dyr.<init>(SourceFile:424) [1.18.2.jar:?]
	at net.minecraft.client.main.Main.main(SourceFile:197) [1.18.2.jar:?]
Caused by: com.mojang.authlib.exceptions.MinecraftClientHttpException: Status: 401
	at com.mojang.authlib.minecraft.client.MinecraftClient.readInputStream(MinecraftClient.java:78) ~[authlib-3.3.39.jar:?]
	at com.mojang.authlib.minecraft.client.MinecraftClient.get(MinecraftClient.java:48) ~[authlib-3.3.39.jar:?]
	at com.mojang.authlib.yggdrasil.YggdrasilUserApiService.fetchProperties(YggdrasilUserApiService.java:113) ~[authlib-3.3.39.jar:?]
	... 5 more
[18:59:40] [Render thread/INFO]: Setting user: Player
[18:59:40] [Render thread/INFO]: Backend library: LWJGL version 3.2.2 build 10
[18:59:47] [Render thread/INFO]: Narrator library for x64 successfully loaded
[18:59:48] [Render thread/INFO]: Reloading ResourceManager: Default
[18:59:55] [Realms Notification Availability checker #1/INFO]: Could not authorize you against Realms server: Invalid session id
[18:59:59] [Render thread/INFO]: Stopping!
[19:00:00] [Render thread/ERROR]: Shutdown failure!
java.util.ConcurrentModificationException: null
	at java.util.HashMap.forEach(HashMap.java:1424) ~[?:?]
	at faz.close(SourceFile:173) ~[1.18.2.jar:?]
	at dyr.close(SourceFile:1048) [1.18.2.jar:?]
	at dyr.l(SourceFile:1026) [1.18.2.jar:?]
	at net.minecraft.client.main.Main.main(SourceFile:252) [1.18.2.jar:?]
